  Main.cpp
c:\users\user\source\repos\project9\project9\crypt.h(6): warning C4018: <: несоответствие типов со знаком и без знака
c:\users\user\source\repos\project9\project9\crypt.h(32): warning C4018: <: несоответствие типов со знаком и без знака
c:\users\user\source\repos\project9\project9\crypt.h(36): warning C4018: <: несоответствие типов со знаком и без знака
c:\users\user\source\repos\project9\project9\crypt.h(55): warning C4244: +=: преобразование "double" в "int", возможна потеря данных
c:\users\user\source\repos\project9\project9\crypt.h(80): warning C4018: <: несоответствие типов со знаком и без знака
c:\users\user\source\repos\project9\project9\crypt.h(87): warning C4018: <: несоответствие типов со знаком и без знака
c:\users\user\source\repos\project9\project9\crypt.h(89): warning C4018: <: несоответствие типов со знаком и без знака
c:\users\user\source\repos\project9\project9\crypt.h(94): warning C4018: <: несоответствие типов со знаком и без знака
c:\users\user\source\repos\project9\project9\crypt.h(95): warning C4018: <: несоответствие типов со знаком и без знака
c:\users\user\source\repos\project9\project9\crypt.h(102): warning C4018: <: несоответствие типов со знаком и без знака
c:\users\user\source\repos\project9\project9\crypt.h(103): warning C4018: <: несоответствие типов со знаком и без знака
c:\users\user\source\repos\project9\project9\crypt.h(105): warning C4018: >=: несоответствие типов со знаком и без знака
c:\users\user\source\repos\project9\project9\crypt.h(114): warning C4018: <: несоответствие типов со знаком и без знака
c:\users\user\source\repos\project9\project9\crypt.h(129): warning C4018: <: несоответствие типов со знаком и без знака
c:\users\user\source\repos\project9\project9\crypt.h(137): warning C4018: <: несоответствие типов со знаком и без знака
c:\users\user\source\repos\project9\project9\crypt.h(168): warning C4018: <: несоответствие типов со знаком и без знака
c:\users\user\source\repos\project9\project9\crypt.h(176): warning C4018: <: несоответствие типов со знаком и без знака
c:\users\user\source\repos\project9\project9\crypt.h(188): warning C4018: <: несоответствие типов со знаком и без знака
c:\users\user\source\repos\project9\project9\crypt.h(219): warning C4018: <: несоответствие типов со знаком и без знака
c:\users\user\source\repos\project9\project9\crypt.h(221): warning C4018: <: несоответствие типов со знаком и без знака
c:\users\user\source\repos\project9\project9\crypt.h(244): warning C4018: <: несоответствие типов со знаком и без знака
  Project9.vcxproj -> C:\Users\user\source\repos\Project9\Debug\Project9.exe
